{"/home/ismael/e-commerce-crafters-fn/src/pages/Check.tsx": {"path":"/home/ismael/e-commerce-crafters-fn/src/pages/Check.tsx","statementMap":{"0":{"start":{"line":3,"column":14},"end":{"line":18,"column":1}},"1":{"start":{"line":4,"column":36},"end":{"line":4,"column":51}},"2":{"start":{"line":6,"column":2},"end":{"line":17,"column":4}}},"fnMap":{"0":{"name":"(anonymous_0)","decl":{"start":{"line":3,"column":14},"end":{"line":3,"column":15}},"loc":{"start":{"line":3,"column":20},"end":{"line":18,"column":1}},"line":3}},"branchMap":{"0":{"loc":{"start":{"line":15,"column":7},"end":{"line":15,"column":44}},"type":"binary-expr","locations":[{"start":{"line":15,"column":7},"end":{"line":15,"column":16}},{"start":{"line":15,"column":20},"end":{"line":15,"column":44}}],"line":15}},"s":{"0":1,"1":2,"2":2},"f":{"0":2},"b":{"0":[2,0]},"_coverageSchema":"1a1c01bbd47fc00a2c39e90264f33305004495a9","hash":"f4fd7aef176069564e1f9661c4424964c5c13b81"}
}
